        -:    0:Source:employee_validation.cpp
        -:    0:Graph:main.gcno
        -:    0:Data:main.gcda
        -:    0:Runs:1
        -:    1:/*********************************************************************************************************
        -:    2: ** FUNCTION NAME   :   employee_validation
        -:    3: **
        -:    4: ** DESCRIPTION     :
        -:    5: **
        -:    6: **
        -:    7: ** RETURNS         :
        -:    8: **
        -:    9: **
        -:   10: *********************************************************************************************************/
        -:   11:
        -:   12:#include<iostream>
        -:   13:#include<string>
        -:   14:#include<iomanip>
        -:   15:using namespace std;
        -:   16:
function _Z19employee_validationv called 2 returned 100% blocks executed 54%
        2:   17:int employee_validation()
        -:   18:{
        4:   19:	string pass;
call    0 returned 2
call    1 returned 2
call    2 never executed
       18:   20:	string password[]={"Yadav@123","Dolly@123","Snehal@123","Nidhi@123"};
call    0 returned 2
call    1 returned 2
branch  2 taken 2 (fallthrough)
branch  3 taken 0 (throw)
call    4 returned 2
call    5 returned 2
branch  6 taken 2 (fallthrough)
branch  7 taken 0 (throw)
call    8 returned 2
call    9 returned 2
branch 10 taken 2 (fallthrough)
branch 11 taken 0 (throw)
call   12 returned 2
call   13 returned 2
branch 14 taken 2 (fallthrough)
branch 15 taken 0 (throw)
branch 16 taken 8 (fallthrough)
branch 17 taken 2
call   18 returned 8
call   19 never executed
branch 20 never executed
branch 21 never executed
call   22 never executed
        2:   21:	cout<<endl<<"Enter Employee password-";
call    0 returned 2
branch  1 taken 2 (fallthrough)
branch  2 taken 0 (throw)
call    3 returned 2
branch  4 taken 2 (fallthrough)
branch  5 taken 0 (throw)
        2:   22:	cin>>pass;
call    0 returned 2
branch  1 taken 2 (fallthrough)
branch  2 taken 0 (throw)
       2*:   23:	if(pass!=password[0] && pass!=password[1] && pass!=password[2] && pass!=password[3])
call    0 returned 2
branch  1 taken 2 (fallthrough)
branch  2 taken 0
call    3 returned 2
branch  4 taken 2 (fallthrough)
branch  5 taken 0
call    6 returned 2
branch  7 taken 0 (fallthrough)
branch  8 taken 2
call    9 never executed
branch 10 never executed
branch 11 never executed
branch 12 taken 0 (fallthrough)
branch 13 taken 2
    #####:   24:		return 1;
        -:   25:	else
        2:   26:		return 0;
        -:   27:}
        -:   28:
