        -:    0:Source:manage_donor_data.cpp
        -:    0:Graph:main.gcno
        -:    0:Data:main.gcda
        -:    0:Runs:1
        -:    1:/**************************************************************************************************************
        -:    2: ** FUNCTION NAME   :   manage_donor_data
        -:    3: **
        -:    4: ** DESCRIPTION     :  
        -:    5: **
        -:    6: **
        -:    7: ** RETURNS         :
        -:    8: **
        -:    9: **
        -:   10: *************************************************************************************************************/
        -:   11:#include<iostream>
        -:   12:#include<iomanip>
        -:   13:#include<set>
        -:   14:#include<list>
        -:   15:#include<string>
        -:   16:using namespace std;
        -:   17:
        -:   18://-----------------------------EDIT DONOR DATA------------------------------------------
        -:   19:
function _ZN5donor15edit_donor_dataEv called 1 returned 100% blocks executed 75%
        1:   20:int donor::edit_donor_data()
        -:   21:{
        1:   22:	system("clear");
call    0 returned 1
branch  1 taken 1 (fallthrough)
branch  2 taken 0 (throw)
        1:   23:	if(l.empty())
call    0 returned 1
branch  1 taken 0 (fallthrough)
branch  2 taken 1
        -:   24:	{
    #####:   25:		cout<<endl<<"Donor list is empty."<<endl;
call    0 never executed
branch  1 never executed
branch  2 never executed
call    3 never executed
branch  4 never executed
branch  5 never executed
call    6 never executed
branch  7 never executed
branch  8 never executed
    #####:   26:		return 1;
        -:   27:	}
        1:   28:	flag=0;
        1:   29:	string a_num;
call    0 returned 1
call    1 never executed
        -:   30:	while(1)
        -:   31:	{
        1:   32:		cout<<endl<<"Enter Aadhar number of donor-";
call    0 returned 1
branch  1 taken 1 (fallthrough)
branch  2 taken 0 (throw)
call    3 returned 1
branch  4 taken 1 (fallthrough)
branch  5 taken 0 (throw)
        1:   33:		cin>>a_num;
call    0 returned 1
branch  1 taken 1 (fallthrough)
branch  2 taken 0 (throw)
       1*:   34:		if(a_num.length()!=6)
call    0 returned 1
branch  1 taken 0 (fallthrough)
branch  2 taken 1
        -:   35:		{
    #####:   36:			cout<<"Aadhar number should be of 6 digits."<<endl;
call    0 never executed
branch  1 never executed
branch  2 never executed
call    3 never executed
branch  4 never executed
branch  5 never executed
    #####:   37:			continue;
        -:   38:		}
        7:   39:		for(int i=0;i<6;i++)
branch  0 taken 6 (fallthrough)
branch  1 taken 1
        -:   40:		{
        6:   41:			if(isdigit(a_num[i])!=1)
call    0 returned 6
branch  1 taken 6 (fallthrough)
branch  2 taken 0 (throw)
branch  3 taken 0 (fallthrough)
branch  4 taken 6
        -:   42:			{
    #####:   43:				flag=1;
    #####:   44:				cout<<"Aadhar number should only digits."<<endl;
call    0 never executed
branch  1 never executed
branch  2 never executed
call    3 never executed
branch  4 never executed
branch  5 never executed
    #####:   45:				break;
        -:   46:			}
        -:   47:		}
       1*:   48:		if(flag==1)
branch  0 taken 0 (fallthrough)
branch  1 taken 1
    #####:   49:			continue;
        -:   50:		else
        1:   51:			break;
    #####:   52:	}
        1:   53:	flag=0;
        2:   54:	for(list<donor>::iterator it=l.begin();it!=l.end();it++)
call    0 returned 1
call    1 returned 2
call    2 returned 2
branch  3 taken 1 (fallthrough)
branch  4 taken 1
call    5 returned 1
        -:   55:		//for(auto it:l)
        -:   56:	{
        1:   57:		if(it->aadhar_num==a_num)
call    0 returned 1
call    1 returned 1
branch  2 taken 1 (fallthrough)
branch  3 taken 0
        -:   58:		{
        1:   59:			flag=1;
        1:   60:			cout<<endl<<"**************************************************************************************"<<endl;
call    0 returned 1
branch  1 taken 1 (fallthrough)
branch  2 taken 0 (throw)
call    3 returned 1
branch  4 taken 1 (fallthrough)
branch  5 taken 0 (throw)
call    6 returned 1
branch  7 taken 1 (fallthrough)
branch  8 taken 0 (throw)
        1:   61:			cout<<"                               PREVIOUS DETAILS OF DONOR (AADHAR NUM-"<<a_num<<")"<<endl;
call    0 returned 1
branch  1 taken 1 (fallthrough)
branch  2 taken 0 (throw)
call    3 returned 1
branch  4 taken 1 (fallthrough)
branch  5 taken 0 (throw)
call    6 returned 1
branch  7 taken 1 (fallthrough)
branch  8 taken 0 (throw)
call    9 returned 1
branch 10 taken 1 (fallthrough)
branch 11 taken 0 (throw)
        1:   62:			cout<<endl<<"**************************************************************************************"<<endl;
call    0 returned 1
branch  1 taken 1 (fallthrough)
branch  2 taken 0 (throw)
call    3 returned 1
branch  4 taken 1 (fallthrough)
branch  5 taken 0 (throw)
call    6 returned 1
branch  7 taken 1 (fallthrough)
branch  8 taken 0 (throw)
        1:   63:			cout<<endl<<"Name-"<<it->name<<"     "<<"Address-"<<it->address<<"     "<<"Age-"<<it->age<<"     "<<"Blood Group-"<<it->blood_group<<"     "<<"Units donated-"<<it->units_donated<<endl;
call    0 returned 1
branch  1 taken 1 (fallthrough)
branch  2 taken 0 (throw)
call    3 returned 1
branch  4 taken 1 (fallthrough)
branch  5 taken 0 (throw)
call    6 returned 1
call    7 returned 1
branch  8 taken 1 (fallthrough)
branch  9 taken 0 (throw)
call   10 returned 1
branch 11 taken 1 (fallthrough)
branch 12 taken 0 (throw)
call   13 returned 1
branch 14 taken 1 (fallthrough)
branch 15 taken 0 (throw)
call   16 returned 1
call   17 returned 1
branch 18 taken 1 (fallthrough)
branch 19 taken 0 (throw)
call   20 returned 1
branch 21 taken 1 (fallthrough)
branch 22 taken 0 (throw)
call   23 returned 1
branch 24 taken 1 (fallthrough)
branch 25 taken 0 (throw)
call   26 returned 1
call   27 returned 1
branch 28 taken 1 (fallthrough)
branch 29 taken 0 (throw)
call   30 returned 1
branch 31 taken 1 (fallthrough)
branch 32 taken 0 (throw)
call   33 returned 1
branch 34 taken 1 (fallthrough)
branch 35 taken 0 (throw)
call   36 returned 1
call   37 returned 1
branch 38 taken 1 (fallthrough)
branch 39 taken 0 (throw)
call   40 returned 1
branch 41 taken 1 (fallthrough)
branch 42 taken 0 (throw)
call   43 returned 1
branch 44 taken 1 (fallthrough)
branch 45 taken 0 (throw)
call   46 returned 1
call   47 returned 1
branch 48 taken 1 (fallthrough)
branch 49 taken 0 (throw)
call   50 returned 1
branch 51 taken 1 (fallthrough)
branch 52 taken 0 (throw)
        -:   64:
        1:   65:			cout<<endl<<"**************************************************************************************"<<endl;
call    0 returned 1
branch  1 taken 1 (fallthrough)
branch  2 taken 0 (throw)
call    3 returned 1
branch  4 taken 1 (fallthrough)
branch  5 taken 0 (throw)
call    6 returned 1
branch  7 taken 1 (fallthrough)
branch  8 taken 0 (throw)
        -:   66:
        -:   67:			while(1)
        -:   68:			{
       1*:   69:				cout<<endl<<"Enter updated name-";
call    0 returned 1
branch  1 taken 1 (fallthrough)
branch  2 taken 0 (throw)
call    3 returned 1
branch  4 taken 1 (fallthrough)
branch  5 taken 0 (throw)
        1:   70:				getline(cin>>ws,it->name);
call    0 returned 1
call    1 returned 1
branch  2 taken 1 (fallthrough)
branch  3 taken 0 (throw)
call    4 returned 1
branch  5 taken 1 (fallthrough)
branch  6 taken 0 (throw)
       1*:   71:				if(name_validation(it->name)==true)
call    0 returned 1
call    1 returned 1
branch  2 taken 1 (fallthrough)
branch  3 taken 0 (throw)
call    4 returned 1
branch  5 taken 1 (fallthrough)
branch  6 taken 0 (throw)
call    7 returned 1
branch  8 taken 1 (fallthrough)
branch  9 taken 0
call   10 never executed
        1:   72:					break;
        -:   73:				else
    #####:   74:					continue;
        -:   75:			}
        -:   76:			while(1)
        -:   77:			{
       1*:   78:				cout<<endl<<"Enter updated address-";
call    0 returned 1
branch  1 taken 1 (fallthrough)
branch  2 taken 0 (throw)
call    3 returned 1
branch  4 taken 1 (fallthrough)
branch  5 taken 0 (throw)
        1:   79:				getline(cin>>ws,it->address);
call    0 returned 1
call    1 returned 1
branch  2 taken 1 (fallthrough)
branch  3 taken 0 (throw)
call    4 returned 1
branch  5 taken 1 (fallthrough)
branch  6 taken 0 (throw)
       1*:   80:				if(address_validation(it->address)==true)
call    0 returned 1
call    1 returned 1
branch  2 taken 1 (fallthrough)
branch  3 taken 0 (throw)
call    4 returned 1
branch  5 taken 1 (fallthrough)
branch  6 taken 0 (throw)
call    7 returned 1
branch  8 taken 1 (fallthrough)
branch  9 taken 0
call   10 never executed
        1:   81:					break;
        -:   82:				else 
    #####:   83:					continue;
        -:   84:			}
        -:   85:			while(1)
        -:   86:			{
       1*:   87:				cout<<endl<<"Enter age-";
call    0 returned 1
branch  1 taken 1 (fallthrough)
branch  2 taken 0 (throw)
call    3 returned 1
branch  4 taken 1 (fallthrough)
branch  5 taken 0 (throw)
        1:   88:				cin>>it->age;
call    0 returned 1
call    1 returned 1
branch  2 taken 1 (fallthrough)
branch  3 taken 0 (throw)
       1*:   89:				if(age_validation(it->age)==true)
call    0 returned 1
call    1 returned 1
branch  2 taken 1 (fallthrough)
branch  3 taken 0 (throw)
call    4 returned 1
branch  5 taken 1 (fallthrough)
branch  6 taken 0 (throw)
call    7 returned 1
branch  8 taken 1 (fallthrough)
branch  9 taken 0
call   10 never executed
        1:   90:					break;
        -:   91:				else
    #####:   92:					continue;
        -:   93:			}
        -:   94:		}
        -:   95:
        -:   96:	}
        1:   97:	if(flag==0)
branch  0 taken 0 (fallthrough)
branch  1 taken 1
        -:   98:	{
    #####:   99:		cout<<endl<<"Aadhar  number does not exists.";
call    0 never executed
branch  1 never executed
branch  2 never executed
call    3 never executed
branch  4 never executed
branch  5 never executed
        -:  100:	}
        1:  101:	system("read a");
call    0 returned 1
branch  1 taken 1 (fallthrough)
branch  2 taken 0 (throw)
        1:  102:	system("clear");
call    0 returned 1
branch  1 taken 1 (fallthrough)
branch  2 taken 0 (throw)
        -:  103:
        1:  104:	return 0;
call    0 returned 1
        -:  105:}
        -:  106:
        -:  107:/*______________________________________________________________________________________*/
        -:  108:/****************************************************************************************/
        -:  109:
function _ZN5donor17remove_donor_dataEv called 1 returned 100% blocks executed 61%
        1:  110:int donor::remove_donor_data()
        -:  111:{
        1:  112:	system("clear");
call    0 returned 1
branch  1 taken 1 (fallthrough)
branch  2 taken 0 (throw)
        -:  113:
        1:  114:	if(l.empty())
call    0 returned 1
branch  1 taken 0 (fallthrough)
branch  2 taken 1
        -:  115:	{
        -:  116:
    #####:  117:		cout<<endl<<"************************************************************************************"<<endl;
call    0 never executed
branch  1 never executed
branch  2 never executed
call    3 never executed
branch  4 never executed
branch  5 never executed
call    6 never executed
branch  7 never executed
branch  8 never executed
    #####:  118:		cout<<endl<<"	                          Donor list is empty."<<endl;
call    0 never executed
branch  1 never executed
branch  2 never executed
call    3 never executed
branch  4 never executed
branch  5 never executed
call    6 never executed
branch  7 never executed
branch  8 never executed
        -:  119:
    #####:  120:		cout<<endl<<"************************************************************************************"<<endl;
call    0 never executed
branch  1 never executed
branch  2 never executed
call    3 never executed
branch  4 never executed
branch  5 never executed
call    6 never executed
branch  7 never executed
branch  8 never executed
    #####:  121:		return 1;
        -:  122:	}
        -:  123:
        1:  124:	flag=0;
        2:  125:	string a_num;
call    0 returned 1
call    1 returned 1
call    2 never executed
        -:  126:	while(1)
        -:  127:	{
        1:  128:		cout<<endl<<"Enter aadhar number of the donor whose record you want to delete-";
call    0 returned 1
branch  1 taken 1 (fallthrough)
branch  2 taken 0 (throw)
call    3 returned 1
branch  4 taken 1 (fallthrough)
branch  5 taken 0 (throw)
        1:  129:		cin>>a_num;
call    0 returned 1
branch  1 taken 1 (fallthrough)
branch  2 taken 0 (throw)
       1*:  130:		if(a_num.length()!=6)
call    0 returned 1
branch  1 taken 0 (fallthrough)
branch  2 taken 1
        -:  131:		{
    #####:  132:			cout<<"Aadhar number should be of 6 digits."<<endl;
call    0 never executed
branch  1 never executed
branch  2 never executed
call    3 never executed
branch  4 never executed
branch  5 never executed
    #####:  133:			continue;
        -:  134:		}
        7:  135:		for(int i=0;i<6;i++)
branch  0 taken 6 (fallthrough)
branch  1 taken 1
        -:  136:		{
        6:  137:			if(isdigit(a_num[i])!=1)
call    0 returned 6
branch  1 taken 6 (fallthrough)
branch  2 taken 0 (throw)
branch  3 taken 0 (fallthrough)
branch  4 taken 6
        -:  138:			{
    #####:  139:				flag=1;
    #####:  140:				cout<<"Aadhar number should only digits."<<endl;
call    0 never executed
branch  1 never executed
branch  2 never executed
call    3 never executed
branch  4 never executed
branch  5 never executed
    #####:  141:				break;
        -:  142:			}
        -:  143:		}
       1*:  144:		if(flag==1)
branch  0 taken 0 (fallthrough)
branch  1 taken 1
    #####:  145:			continue;
        -:  146:		else
        1:  147:			break;
    #####:  148:	}
        1:  149:	flag=0;
       1*:  150:	for(list<donor>::iterator it=l.begin();it!=l.end();it++)
call    0 returned 1
call    1 returned 1
call    2 returned 1
branch  3 taken 1 (fallthrough)
branch  4 taken 0
call    5 never executed
        -:  151:	{
        1:  152:		if(it->aadhar_num==a_num)
call    0 returned 1
call    1 returned 1
branch  2 taken 1 (fallthrough)
branch  3 taken 0
        -:  153:		{
        1:  154:			flag=1;
        1:  155:			l.erase(it);
call    0 returned 1
call    1 returned 1
        1:  156:			break;
        -:  157:		}
        -:  158:	}
        1:  159:	if(flag==0)
branch  0 taken 0 (fallthrough)
branch  1 taken 1
        -:  160:	{
    #####:  161:		cout<<endl<<"*********Aadhar number not found!!!*********"<<endl;
call    0 never executed
branch  1 never executed
branch  2 never executed
call    3 never executed
branch  4 never executed
branch  5 never executed
call    6 never executed
branch  7 never executed
branch  8 never executed
    #####:  162:		system("read a");
call    0 never executed
branch  1 never executed
branch  2 never executed
    #####:  163:		system("clear");
call    0 never executed
branch  1 never executed
branch  2 never executed
    #####:  164:		return EXIT_FAILURE;
        -:  165:	}
        -:  166:	else 
        -:  167:	{
        -:  168:
        1:  169:		cout<<endl<<"************************************************************************************"<<endl;
call    0 returned 1
branch  1 taken 1 (fallthrough)
branch  2 taken 0 (throw)
call    3 returned 1
branch  4 taken 1 (fallthrough)
branch  5 taken 0 (throw)
call    6 returned 1
branch  7 taken 1 (fallthrough)
branch  8 taken 0 (throw)
        1:  170:		cout<<endl<<"                        DONOR DELETED SUCCESSFULLY."<<endl;
call    0 returned 1
branch  1 taken 1 (fallthrough)
branch  2 taken 0 (throw)
call    3 returned 1
branch  4 taken 1 (fallthrough)
branch  5 taken 0 (throw)
call    6 returned 1
branch  7 taken 1 (fallthrough)
branch  8 taken 0 (throw)
        1:  171:		cout<<endl<<"************************************************************************************"<<endl;
call    0 returned 1
branch  1 taken 1 (fallthrough)
branch  2 taken 0 (throw)
call    3 returned 1
branch  4 taken 1 (fallthrough)
branch  5 taken 0 (throw)
call    6 returned 1
branch  7 taken 1 (fallthrough)
branch  8 taken 0 (throw)
        -:  172:
        1:  173:		system("read a");
call    0 returned 1
branch  1 taken 1 (fallthrough)
branch  2 taken 0 (throw)
        1:  174:		system("clear");
call    0 returned 1
branch  1 taken 1 (fallthrough)
branch  2 taken 0 (throw)
        1:  175:		return EXIT_SUCCESS;
        -:  176:	}
        -:  177:}
        -:  178:
        -:  179:/*______________________________________________________________________________________*//****************************************************************************************/
        -:  180:
function _ZN5donor15view_donor_dataEv called 1 returned 100% blocks executed 68%
        1:  181:int donor::view_donor_data()
        -:  182:{
        1:  183:	system("clear");
call    0 returned 1
branch  1 taken 1 (fallthrough)
branch  2 taken 0 (throw)
        1:  184:	if(l.empty())
call    0 returned 1
branch  1 taken 0 (fallthrough)
branch  2 taken 1
        -:  185:	{
        -:  186:
    #####:  187:		cout<<endl<<"************************************************************************************"<<endl;
call    0 never executed
branch  1 never executed
branch  2 never executed
call    3 never executed
branch  4 never executed
branch  5 never executed
call    6 never executed
branch  7 never executed
branch  8 never executed
    #####:  188:		cout<<endl<<"                             Donor list is empty."<<endl;
call    0 never executed
branch  1 never executed
branch  2 never executed
call    3 never executed
branch  4 never executed
branch  5 never executed
call    6 never executed
branch  7 never executed
branch  8 never executed
    #####:  189:		cout<<endl<<"************************************************************************************"<<endl;
call    0 never executed
branch  1 never executed
branch  2 never executed
call    3 never executed
branch  4 never executed
branch  5 never executed
call    6 never executed
branch  7 never executed
branch  8 never executed
    #####:  190:		return 1;
        -:  191:	}
        1:  192:	flag=0;
        1:  193:	string a_num;
call    0 returned 1
call    1 never executed
        -:  194:	while(1)
        -:  195:	{
        1:  196:		cout<<endl<<"Enter aadhar number of donor-";
call    0 returned 1
branch  1 taken 1 (fallthrough)
branch  2 taken 0 (throw)
call    3 returned 1
branch  4 taken 1 (fallthrough)
branch  5 taken 0 (throw)
        1:  197:		cin>>a_num;
call    0 returned 1
branch  1 taken 1 (fallthrough)
branch  2 taken 0 (throw)
       1*:  198:		if(a_num.length()!=6)
call    0 returned 1
branch  1 taken 0 (fallthrough)
branch  2 taken 1
        -:  199:		{
    #####:  200:			cout<<"Aadhar number should be of 6 digits only."<<endl;
call    0 never executed
branch  1 never executed
branch  2 never executed
call    3 never executed
branch  4 never executed
branch  5 never executed
    #####:  201:			continue;
        -:  202:		}
        7:  203:		for(int i=0;i<6;i++)
branch  0 taken 6 (fallthrough)
branch  1 taken 1
        -:  204:		{
        6:  205:			if(isdigit(a_num[i])!=1)
call    0 returned 6
branch  1 taken 6 (fallthrough)
branch  2 taken 0 (throw)
branch  3 taken 0 (fallthrough)
branch  4 taken 6
        -:  206:			{
    #####:  207:				flag=1;
    #####:  208:				cout<<"Aadhar number should be only digits."<<endl;
call    0 never executed
branch  1 never executed
branch  2 never executed
call    3 never executed
branch  4 never executed
branch  5 never executed
    #####:  209:				break;
        -:  210:			}
        -:  211:		}
       1*:  212:		if(flag==0)
branch  0 taken 1 (fallthrough)
branch  1 taken 0
        1:  213:			break;
        -:  214:		else
    #####:  215:			continue;
    #####:  216:	}
        1:  217:	flag=0;	
       1*:  218:	for(auto it:l)
call    0 returned 1
call    1 returned 1
call    2 returned 1
branch  3 taken 1 (fallthrough)
branch  4 taken 0
call    5 returned 1
call    6 returned 1
branch  7 taken 1 (fallthrough)
branch  8 taken 0 (throw)
call    9 never executed
call   10 never executed
        -:  219:	{
        1:  220:		if(it.aadhar_num==a_num)
call    0 returned 1
branch  1 taken 1 (fallthrough)
branch  2 taken 0
        -:  221:		{
        1:  222:			flag=1;
        1:  223:			cout<<endl<<"____________________________________________________________________________________________________"<<endl;
call    0 returned 1
branch  1 taken 1 (fallthrough)
branch  2 taken 0 (throw)
call    3 returned 1
branch  4 taken 1 (fallthrough)
branch  5 taken 0 (throw)
call    6 returned 1
branch  7 taken 1 (fallthrough)
branch  8 taken 0 (throw)
        1:  224:			cout<<endl<<"****************************************************************************************************"<<endl;
call    0 returned 1
branch  1 taken 1 (fallthrough)
branch  2 taken 0 (throw)
call    3 returned 1
branch  4 taken 1 (fallthrough)
branch  5 taken 0 (throw)
call    6 returned 1
branch  7 taken 1 (fallthrough)
branch  8 taken 0 (throw)
        1:  225:			cout<<endl<<"                          DONOR DETAILS(AADHAR_NO.)-"<<a_num<<endl;
call    0 returned 1
branch  1 taken 1 (fallthrough)
branch  2 taken 0 (throw)
call    3 returned 1
branch  4 taken 1 (fallthrough)
branch  5 taken 0 (throw)
call    6 returned 1
branch  7 taken 1 (fallthrough)
branch  8 taken 0 (throw)
call    9 returned 1
branch 10 taken 1 (fallthrough)
branch 11 taken 0 (throw)
        1:  226:			cout<<endl<<"****************************************************************************************************"<<endl;
call    0 returned 1
branch  1 taken 1 (fallthrough)
branch  2 taken 0 (throw)
call    3 returned 1
branch  4 taken 1 (fallthrough)
branch  5 taken 0 (throw)
call    6 returned 1
branch  7 taken 1 (fallthrough)
branch  8 taken 0 (throw)
        1:  227:			cout<<"Aadhar No.-"<<it.aadhar_num<<"    "<<"Name-"<<it.name<<"    "<<"Address-"<<it.address<<"    "<<"Age-"<<it.age<<"    "<<"Blood Group-"<<it.blood_group<<"    "<<"Units donated-"<<it.units_donated<<endl<<endl;
call    0 returned 1
branch  1 taken 1 (fallthrough)
branch  2 taken 0 (throw)
call    3 returned 1
branch  4 taken 1 (fallthrough)
branch  5 taken 0 (throw)
call    6 returned 1
branch  7 taken 1 (fallthrough)
branch  8 taken 0 (throw)
call    9 returned 1
branch 10 taken 1 (fallthrough)
branch 11 taken 0 (throw)
call   12 returned 1
branch 13 taken 1 (fallthrough)
branch 14 taken 0 (throw)
call   15 returned 1
branch 16 taken 1 (fallthrough)
branch 17 taken 0 (throw)
call   18 returned 1
branch 19 taken 1 (fallthrough)
branch 20 taken 0 (throw)
call   21 returned 1
branch 22 taken 1 (fallthrough)
branch 23 taken 0 (throw)
call   24 returned 1
branch 25 taken 1 (fallthrough)
branch 26 taken 0 (throw)
call   27 returned 1
branch 28 taken 1 (fallthrough)
branch 29 taken 0 (throw)
call   30 returned 1
branch 31 taken 1 (fallthrough)
branch 32 taken 0 (throw)
call   33 returned 1
branch 34 taken 1 (fallthrough)
branch 35 taken 0 (throw)
call   36 returned 1
branch 37 taken 1 (fallthrough)
branch 38 taken 0 (throw)
call   39 returned 1
branch 40 taken 1 (fallthrough)
branch 41 taken 0 (throw)
call   42 returned 1
branch 43 taken 1 (fallthrough)
branch 44 taken 0 (throw)
call   45 returned 1
branch 46 taken 1 (fallthrough)
branch 47 taken 0 (throw)
call   48 returned 1
branch 49 taken 1 (fallthrough)
branch 50 taken 0 (throw)
call   51 returned 1
branch 52 taken 1 (fallthrough)
branch 53 taken 0 (throw)
call   54 returned 1
branch 55 taken 1 (fallthrough)
branch 56 taken 0 (throw)
        1:  228:			cout<<endl<<"____________________________________________________________________________________________________"<<endl;
call    0 returned 1
branch  1 taken 1 (fallthrough)
branch  2 taken 0 (throw)
call    3 returned 1
branch  4 taken 1 (fallthrough)
branch  5 taken 0 (throw)
call    6 returned 1
branch  7 taken 1 (fallthrough)
branch  8 taken 0 (throw)
        1:  229:			break;
        -:  230:		}
        -:  231:
        -:  232:	}
        1:  233:	if(flag==0)
branch  0 taken 0 (fallthrough)
branch  1 taken 1
        -:  234:	{
        -:  235:
    #####:  236:		cout<<endl<<"***********************************************************************************"<<endl;
call    0 never executed
branch  1 never executed
branch  2 never executed
call    3 never executed
branch  4 never executed
branch  5 never executed
call    6 never executed
branch  7 never executed
branch  8 never executed
    #####:  237:		cout<<endl<<"                            Aadhar number not found!!!";
call    0 never executed
branch  1 never executed
branch  2 never executed
call    3 never executed
branch  4 never executed
branch  5 never executed
    #####:  238:		cout<<endl<<"***********************************************************************************"<<endl;
call    0 never executed
branch  1 never executed
branch  2 never executed
call    3 never executed
branch  4 never executed
branch  5 never executed
call    6 never executed
branch  7 never executed
branch  8 never executed
        -:  239:	}
        1:  240:	system("read a");
call    0 returned 1
branch  1 taken 1 (fallthrough)
branch  2 taken 0 (throw)
        1:  241:	system("clear");
call    0 returned 1
branch  1 taken 1 (fallthrough)
branch  2 taken 0 (throw)
        1:  242:	return 0;
call    0 returned 1
        -:  243:}
        -:  244:
        -:  245:/*______________________________________________________________________________________*/
        -:  246:/****************************************************************************************/
        -:  247:
function _ZN5donor19view_all_donor_dataEv called 1 returned 100% blocks executed 87%
        1:  248:int donor::view_all_donor_data()
        -:  249:{
        1:  250:	system("clear");
call    0 returned 1
        1:  251:	if(l.empty())
call    0 returned 1
branch  1 taken 0 (fallthrough)
branch  2 taken 1
        -:  252:	{
    #####:  253:		cout<<endl<<"***********************************************************************************"<<endl;
call    0 never executed
call    1 never executed
call    2 never executed
    #####:  254:		cout<<endl<<"                          Donor list is empty."<<endl;
call    0 never executed
call    1 never executed
call    2 never executed
    #####:  255:		cout<<endl<<"***********************************************************************************"<<endl;
call    0 never executed
call    1 never executed
call    2 never executed
    #####:  256:		return 1;
        -:  257:	}
        1:  258:	cout<<endl<<"____________________________________________________________________________________________"<<endl<<endl;
call    0 returned 1
call    1 returned 1
call    2 returned 1
call    3 returned 1
        1:  259:	cout<<endl<<"********************************************************************************************"<<endl;
call    0 returned 1
call    1 returned 1
call    2 returned 1
        1:  260:	cout<<endl<<"                                   DONOR DETAILS"<<endl;
call    0 returned 1
call    1 returned 1
call    2 returned 1
        1:  261:	cout<<endl<<"********************************************************************************************"<<endl;
call    0 returned 1
call    1 returned 1
call    2 returned 1
        1:  262:	cout<<endl<<setw(10)<<"AADHAR_NO."<<setw(12)<<"NAME"<<setw(18)<<"ADDRESS"<<setw(18)<<"AGE"<<setw(15)<<"BLOOD_GROUP"<<setw(18)<<"UNITS_DONATED"<<setw(18)<<endl;
call    0 returned 1
call    1 returned 1
call    2 returned 1
call    3 returned 1
call    4 returned 1
call    5 returned 1
call    6 returned 1
call    7 returned 1
call    8 returned 1
call    9 returned 1
call   10 returned 1
call   11 returned 1
call   12 returned 1
call   13 returned 1
call   14 returned 1
call   15 returned 1
call   16 returned 1
call   17 returned 1
call   18 returned 1
call   19 returned 1
call   20 returned 1
call   21 returned 1
        1:  263:	cout<<endl<<"____________________________________________________________________________________________"<<endl<<endl;
call    0 returned 1
call    1 returned 1
call    2 returned 1
call    3 returned 1
        2:  264:	for(auto it:l)
call    0 returned 1
call    1 returned 1
call    2 returned 2
branch  3 taken 1 (fallthrough)
branch  4 taken 1
call    5 returned 1
call    6 returned 1
branch  7 taken 1 (fallthrough)
branch  8 taken 0 (throw)
call    9 returned 1
call   10 returned 1
call   11 never executed
        -:  265:	{
        1:  266:		cout<<setw(10)<<it.aadhar_num<<setw(12)<<it.name<<setw(18)<<it.address<<setw(18)<<it.age<<setw(15)<<it.blood_group<<setw(18)<<it.units_donated<<setw(18)<<endl;
call    0 returned 1
call    1 returned 1
branch  2 taken 1 (fallthrough)
branch  3 taken 0 (throw)
call    4 returned 1
branch  5 taken 1 (fallthrough)
branch  6 taken 0 (throw)
call    7 returned 1
call    8 returned 1
branch  9 taken 1 (fallthrough)
branch 10 taken 0 (throw)
call   11 returned 1
branch 12 taken 1 (fallthrough)
branch 13 taken 0 (throw)
call   14 returned 1
call   15 returned 1
branch 16 taken 1 (fallthrough)
branch 17 taken 0 (throw)
call   18 returned 1
branch 19 taken 1 (fallthrough)
branch 20 taken 0 (throw)
call   21 returned 1
call   22 returned 1
branch 23 taken 1 (fallthrough)
branch 24 taken 0 (throw)
call   25 returned 1
branch 26 taken 1 (fallthrough)
branch 27 taken 0 (throw)
call   28 returned 1
call   29 returned 1
branch 30 taken 1 (fallthrough)
branch 31 taken 0 (throw)
call   32 returned 1
branch 33 taken 1 (fallthrough)
branch 34 taken 0 (throw)
call   35 returned 1
call   36 returned 1
branch 37 taken 1 (fallthrough)
branch 38 taken 0 (throw)
call   39 returned 1
branch 40 taken 1 (fallthrough)
branch 41 taken 0 (throw)
call   42 returned 1
call   43 returned 1
branch 44 taken 1 (fallthrough)
branch 45 taken 0 (throw)
call   46 returned 1
branch 47 taken 1 (fallthrough)
branch 48 taken 0 (throw)
        -:  267:	}
        1:  268:	cout<<endl<<"____________________________________________________________________________________________"<<endl<<endl;
call    0 returned 1
call    1 returned 1
call    2 returned 1
call    3 returned 1
        -:  269:
        1:  270:	system("read a");
call    0 returned 1
        1:  271:	system("clear");
call    0 returned 1
        1:  272:	return 0;
        -:  273:}
        -:  274:/*______________________________________________________________________________________*/
        -:  275:/****************************************************************************************/
