        -:    0:Source:report.cpp
        -:    0:Graph:main.gcno
        -:    0:Data:main.gcda
        -:    0:Runs:1
        -:    1:/****************************************************************************************************************
        -:    2: ** FUNCTION NAME    :    report
        -:    3: **
        -:    4: ** DESCRIPTION      :
        -:    5: **
        -:    6: **
        -:    7: ** RETURNS          :
        -:    8: **
        -:    9: **
        -:   10: ***************************************************************************************************************/
        -:   11:#include<iostream>
        -:   12:#include<iomanip>
        -:   13:#include<list>
        -:   14:#include<iterator>
        -:   15:#include<fstream>
        -:   16:#include<algorithm>
        -:   17:#include<string>
        -:   18://#include "donor_registration.cpp"
        -:   19:using namespace std;
        -:   20:
        -:   21:
        -:   22:/*______________________________________________________________________________________*/
        -:   23:/***************************************************************************************/
        -:   24:
function _ZN8receiver21daily_donation_reportEv called 1 returned 100% blocks executed 85%
        1:   25:int receiver::daily_donation_report()
        -:   26:{
        -:   27:
        1:   28:	system("clear");
call    0 returned 1
        1:   29:	if(rl.empty())
call    0 returned 1
branch  1 taken 0 (fallthrough)
branch  2 taken 1
        -:   30:	{
    #####:   31:		cout<<endl<<"____________________________________________________________________________________"<<endl;
call    0 never executed
call    1 never executed
call    2 never executed
        -:   32:
    #####:   33:		cout<<endl<<"*****************************TRANSACTION LIST IS EMPTY!!!***************************"<<endl;
call    0 never executed
call    1 never executed
call    2 never executed
    #####:   34:		cout<<endl<<"____________________________________________________________________________________"<<endl;
call    0 never executed
call    1 never executed
call    2 never executed
        -:   35:
    #####:   36:		return EXIT_FAILURE;
        -:   37:	}
        -:   38:
        -:   39:
        -:   40:
        1:   41:	cout<<endl<<"____________________________________________________________________________________________________";
call    0 returned 1
call    1 returned 1
        1:   42:	cout<<endl<<"____________________________________________________________________________________________________";
call    0 returned 1
call    1 returned 1
        1:   43:	cout<<endl<<"****************************************************************************************************"<<endl;
call    0 returned 1
call    1 returned 1
call    2 returned 1
        1:   44:	cout<<endl<<"                             DETAILS OF RECEIVER'S"<<endl;
call    0 returned 1
call    1 returned 1
call    2 returned 1
        1:   45:	cout<<endl<<"****************************************************************************************************"<<endl;
call    0 returned 1
call    1 returned 1
call    2 returned 1
        1:   46:	cout<<endl<<setw(10)<<"AADHAR_NO."<<setw(12)<<"NAME"<<setw(18)<<"ADDRESS"<<setw(18)<<"BLOOD_GROUP"<<setw(18)<<"DONOR_AADHAR_NO."<<setw(12)<<endl;
call    0 returned 1
call    1 returned 1
call    2 returned 1
call    3 returned 1
call    4 returned 1
call    5 returned 1
call    6 returned 1
call    7 returned 1
call    8 returned 1
call    9 returned 1
call   10 returned 1
call   11 returned 1
call   12 returned 1
call   13 returned 1
call   14 returned 1
call   15 returned 1
call   16 returned 1
call   17 returned 1
call   18 returned 1
        -:   47:
        3:   48:	for(auto it:rl)
call    0 returned 1
call    1 returned 1
call    2 returned 3
branch  3 taken 2 (fallthrough)
branch  4 taken 1
call    5 returned 2
call    6 returned 2
branch  7 taken 2 (fallthrough)
branch  8 taken 0 (throw)
call    9 returned 2
call   10 returned 2
call   11 never executed
        -:   49:	{
        2:   50:		cout<<setw(10)<<it.aadhar_num<<setw(12)<<it.name<<setw(18)<<it.address<<setw(18)<<it.blood_group<<setw(18)<<it.donor_aadhar_num<<setw(12)<<endl;
call    0 returned 2
call    1 returned 2
branch  2 taken 2 (fallthrough)
branch  3 taken 0 (throw)
call    4 returned 2
branch  5 taken 2 (fallthrough)
branch  6 taken 0 (throw)
call    7 returned 2
call    8 returned 2
branch  9 taken 2 (fallthrough)
branch 10 taken 0 (throw)
call   11 returned 2
branch 12 taken 2 (fallthrough)
branch 13 taken 0 (throw)
call   14 returned 2
call   15 returned 2
branch 16 taken 2 (fallthrough)
branch 17 taken 0 (throw)
call   18 returned 2
branch 19 taken 2 (fallthrough)
branch 20 taken 0 (throw)
call   21 returned 2
call   22 returned 2
branch 23 taken 2 (fallthrough)
branch 24 taken 0 (throw)
call   25 returned 2
branch 26 taken 2 (fallthrough)
branch 27 taken 0 (throw)
call   28 returned 2
call   29 returned 2
branch 30 taken 2 (fallthrough)
branch 31 taken 0 (throw)
call   32 returned 2
branch 33 taken 2 (fallthrough)
branch 34 taken 0 (throw)
call   35 returned 2
call   36 returned 2
branch 37 taken 2 (fallthrough)
branch 38 taken 0 (throw)
call   39 returned 2
branch 40 taken 2 (fallthrough)
branch 41 taken 0 (throw)
        -:   51:
        -:   52:	}
        1:   53:	cout<<endl<<"____________________________________________________________________________________________________";
call    0 returned 1
call    1 returned 1
        1:   54:	cout<<endl<<"____________________________________________________________________________________________________";
call    0 returned 1
call    1 returned 1
        -:   55:
        1:   56:	system("read a");
call    0 returned 1
        1:   57:	system("clear");
call    0 returned 1
        1:   58:	return EXIT_SUCCESS;
        -:   59:}
        -:   60:
        -:   61:/*______________________________________________________________________________________*/
        -:   62:/****************************************************************************************/
        -:   63:
function _ZN5donor25five_highest_donor_reportEv called 1 returned 100% blocks executed 86%
        1:   64:int donor::five_highest_donor_report()
        -:   65:{
        1:   66:	system("clear");
call    0 returned 1
        1:   67:	l.sort(greater<donor>());
call    0 returned 1
        1:   68:	int flag=0;
        1:   69:	if(l.empty())
call    0 returned 1
branch  1 taken 0 (fallthrough)
branch  2 taken 1
        -:   70:	{
    #####:   71:		cout<<endl<<"____________________________________________________________________________________"<<endl;
call    0 never executed
call    1 never executed
call    2 never executed
    #####:   72:		cout<<endl<<"********************************LIST IS EMPTY!!!************************************"<<endl;
call    0 never executed
call    1 never executed
call    2 never executed
    #####:   73:		cout<<endl<<"____________________________________________________________________________________"<<endl;
call    0 never executed
call    1 never executed
call    2 never executed
    #####:   74:		return EXIT_FAILURE;
        -:   75:	}
        -:   76:
        1:   77:	cout<<endl<<"____________________________________________________________________________________________________"<<endl;
call    0 returned 1
call    1 returned 1
call    2 returned 1
        1:   78:	cout<<endl<<"****************************************************************************************************";
call    0 returned 1
call    1 returned 1
        1:   79:	cout<<endl<<"                                 FIVE HIGHEST DONOR";
call    0 returned 1
call    1 returned 1
        -:   80:
        1:   81:	cout<<endl<<"****************************************************************************************************"<<endl;
call    0 returned 1
call    1 returned 1
call    2 returned 1
        -:   82:
        1:   83:	cout<<endl<<"____________________________________________________________________________________________________"<<endl;
call    0 returned 1
call    1 returned 1
call    2 returned 1
        1:   84:	cout<<endl<<setw(10)<<"AADHAR_NO."<<setw(12)<<"NAME"<<setw(18)<<"ADDRESS"<<setw(18)<<"AGE"<<setw(14)<<"BLOOD_GROUP"<<setw(18)<<"UNITS_DONATED"<<setw(18)<<endl;
call    0 returned 1
call    1 returned 1
call    2 returned 1
call    3 returned 1
call    4 returned 1
call    5 returned 1
call    6 returned 1
call    7 returned 1
call    8 returned 1
call    9 returned 1
call   10 returned 1
call   11 returned 1
call   12 returned 1
call   13 returned 1
call   14 returned 1
call   15 returned 1
call   16 returned 1
call   17 returned 1
call   18 returned 1
call   19 returned 1
call   20 returned 1
call   21 returned 1
        1:   85:	cout<<endl<<"____________________________________________________________________________________________________"<<endl<<endl;
call    0 returned 1
call    1 returned 1
call    2 returned 1
call    3 returned 1
        -:   86:
        3:   87:	for(auto it:l)
call    0 returned 1
call    1 returned 1
call    2 returned 3
branch  3 taken 2 (fallthrough)
branch  4 taken 1
call    5 returned 2
call    6 returned 2
branch  7 taken 2 (fallthrough)
branch  8 taken 0 (throw)
call    9 returned 2
call   10 never executed
        -:   88:	{
        2:   89:		if(flag==5)
branch  0 taken 0 (fallthrough)
branch  1 taken 2
    #####:   90:			break;
        -:   91:		else
        -:   92:		{
        2:   93:			flag++;
        2:   94:			cout<<setw(10)<<it.aadhar_num<<setw(12)<<it.name<<setw(18)<<it.address<<setw(18)<<it.age<<setw(12)<<it.blood_group<<setw(18)<<it.units_donated<<setw(18)<<endl;
call    0 returned 2
call    1 returned 2
branch  2 taken 2 (fallthrough)
branch  3 taken 0 (throw)
call    4 returned 2
branch  5 taken 2 (fallthrough)
branch  6 taken 0 (throw)
call    7 returned 2
call    8 returned 2
branch  9 taken 2 (fallthrough)
branch 10 taken 0 (throw)
call   11 returned 2
branch 12 taken 2 (fallthrough)
branch 13 taken 0 (throw)
call   14 returned 2
call   15 returned 2
branch 16 taken 2 (fallthrough)
branch 17 taken 0 (throw)
call   18 returned 2
branch 19 taken 2 (fallthrough)
branch 20 taken 0 (throw)
call   21 returned 2
call   22 returned 2
branch 23 taken 2 (fallthrough)
branch 24 taken 0 (throw)
call   25 returned 2
branch 26 taken 2 (fallthrough)
branch 27 taken 0 (throw)
call   28 returned 2
call   29 returned 2
branch 30 taken 2 (fallthrough)
branch 31 taken 0 (throw)
call   32 returned 2
branch 33 taken 2 (fallthrough)
branch 34 taken 0 (throw)
call   35 returned 2
call   36 returned 2
branch 37 taken 2 (fallthrough)
branch 38 taken 0 (throw)
call   39 returned 2
branch 40 taken 2 (fallthrough)
branch 41 taken 0 (throw)
call   42 returned 2
call   43 returned 2
branch 44 taken 2 (fallthrough)
branch 45 taken 0 (throw)
call   46 returned 2
branch 47 taken 2 (fallthrough)
branch 48 taken 0 (throw)
        -:   95:		}
        -:   96:	}
        -:   97:
        1:   98:	cout<<endl<<"____________________________________________________________________________________________________"<<endl;
call    0 returned 1
call    1 returned 1
call    2 returned 1
        1:   99:	system("read a");
call    0 returned 1
        1:  100:	system("clear");
call    0 returned 1
        1:  101:	return EXIT_SUCCESS;
        -:  102:
        -:  103:}
        -:  104:
